2025-07-30 02:42:07,595 - ERROR - Symbol validation failed: 'code'
2025-07-30 03:00:54,816 - ERROR - Symbol validation failed: 'code'
2025-07-30 03:10:50,340 - ERROR - Failed to place Market Order: APIError(code=-1021): Timestamp for this request was 1000ms ahead of the server's time.
2025-07-30 03:15:09,669 - ERROR - Failed to place Market Order: APIError(code=-1021): Timestamp for this request was 1000ms ahead of the server's time.
2025-07-30 03:32:50,631 - ERROR - Failed to place Market Order: 'serverTime'
2025-07-30 03:35:02,989 - ERROR - Could not retrieve server time.
2025-07-30 03:39:54,410 - ERROR - Failed to place Market Order: 'serverTime'
2025-07-30 14:16:17,390 - ERROR - Order failed: Expecting value: line 1 column 1 (char 0)
2025-07-30 15:28:24,299 - ERROR - Timestamp fetch failed: Expecting value: line 1 column 1 (char 0)
2025-07-30 15:29:50,646 - INFO - Order placed: {'orderId': 5503244364, 'symbol': 'BTCUSDT', 'status': 'NEW', 'clientOrderId': 'DQnAIOMVZfm9Mgj3Fncvlr', 'price': '0.00', 'avgPrice': '0.00', 'origQty': '0.001', 'executedQty': '0.000', 'cumQty': '0.000', 'cumQuote': '0.00000', 'timeInForce': 'GTC', 'type': 'MARKET', 'reduceOnly': False, 'closePosition': False, 'side': 'BUY', 'positionSide': 'BOTH', 'stopPrice': '0.00', 'workingType': 'CONTRACT_PRICE', 'priceProtect': False, 'origType': 'MARKET', 'priceMatch': 'NONE', 'selfTradePreventionMode': 'EXPIRE_MAKER', 'goodTillDate': 0, 'updateTime': 1753869580928}
2025-07-30 15:32:05,470 - INFO - Order placed: {'orderId': 5503254848, 'symbol': 'BTCUSDT', 'status': 'NEW', 'clientOrderId': 'PyggfOKtZ7J4eoeDUWR0vt', 'price': '0.00', 'avgPrice': '0.00', 'origQty': '0.001', 'executedQty': '0.000', 'cumQty': '0.000', 'cumQuote': '0.00000', 'timeInForce': 'GTC', 'type': 'MARKET', 'reduceOnly': False, 'closePosition': False, 'side': 'SELL', 'positionSide': 'BOTH', 'stopPrice': '0.00', 'workingType': 'CONTRACT_PRICE', 'priceProtect': False, 'origType': 'MARKET', 'priceMatch': 'NONE', 'selfTradePreventionMode': 'EXPIRE_MAKER', 'goodTillDate': 0, 'updateTime': 1753869715747}
2025-07-30 15:38:23,657 - INFO - Order placed: {'orderId': 5503288151, 'symbol': 'BTCUSDT', 'status': 'NEW', 'clientOrderId': 'H2XBRt3LQQe4m4W6ZuWMXW', 'price': '110000.00', 'avgPrice': '0.00', 'origQty': '0.001', 'executedQty': '0.000', 'cumQty': '0.000', 'cumQuote': '0.00000', 'timeInForce': 'GTC', 'type': 'LIMIT', 'reduceOnly': False, 'closePosition': False, 'side': 'BUY', 'positionSide': 'BOTH', 'stopPrice': '0.00', 'workingType': 'CONTRACT_PRICE', 'priceProtect': False, 'origType': 'LIMIT', 'priceMatch': 'NONE', 'selfTradePreventionMode': 'EXPIRE_MAKER', 'goodTillDate': 0, 'updateTime': 1753870093937}
2025-07-30 15:41:22,323 - INFO - Order placed: {'orderId': 5503302775, 'symbol': 'BTCUSDT', 'status': 'NEW', 'clientOrderId': 'aG5J1P6C5LOqKkVJXZu90C', 'price': '120000.00', 'avgPrice': '0.00', 'origQty': '0.001', 'executedQty': '0.000', 'cumQty': '0.000', 'cumQuote': '0.00000', 'timeInForce': 'GTC', 'type': 'LIMIT', 'reduceOnly': False, 'closePosition': False, 'side': 'SELL', 'positionSide': 'BOTH', 'stopPrice': '0.00', 'workingType': 'CONTRACT_PRICE', 'priceProtect': False, 'origType': 'LIMIT', 'priceMatch': 'NONE', 'selfTradePreventionMode': 'EXPIRE_MAKER', 'goodTillDate': 0, 'updateTime': 1753870272189}
2025-07-30 15:47:16,450 - INFO - Order placed: {'orderId': 5503330887, 'symbol': 'BTCUSDT', 'status': 'NEW', 'clientOrderId': 'hjeDlOjvSxJ2HzPdtZbG1J', 'price': '122000.00', 'avgPrice': '0.00', 'origQty': '0.001', 'executedQty': '0.000', 'cumQty': '0.000', 'cumQuote': '0.00000', 'timeInForce': 'GTC', 'type': 'STOP', 'reduceOnly': False, 'closePosition': False, 'side': 'BUY', 'positionSide': 'BOTH', 'stopPrice': '120000.00', 'workingType': 'CONTRACT_PRICE', 'priceProtect': False, 'origType': 'STOP', 'priceMatch': 'NONE', 'selfTradePreventionMode': 'EXPIRE_MAKER', 'goodTillDate': 0, 'updateTime': 1753870626610}
2025-07-30 15:48:09,253 - INFO - Order placed: {'code': -2021, 'msg': 'Order would immediately trigger.'}
2025-07-30 15:48:51,027 - INFO - Order placed: {'code': -2021, 'msg': 'Order would immediately trigger.'}
2025-07-30 15:49:18,742 - INFO - Order placed: {'code': -2021, 'msg': 'Order would immediately trigger.'}
2025-07-30 15:51:14,900 - INFO - Order placed: {'orderId': 5503350651, 'symbol': 'BTCUSDT', 'status': 'NEW', 'clientOrderId': 'ZO0kcGFdyoVNyYoBQ2dlkH', 'price': '115000.00', 'avgPrice': '0.00', 'origQty': '0.001', 'executedQty': '0.000', 'cumQty': '0.000', 'cumQuote': '0.00000', 'timeInForce': 'GTC', 'type': 'STOP', 'reduceOnly': False, 'closePosition': False, 'side': 'SELL', 'positionSide': 'BOTH', 'stopPrice': '116000.00', 'workingType': 'CONTRACT_PRICE', 'priceProtect': False, 'origType': 'STOP', 'priceMatch': 'NONE', 'selfTradePreventionMode': 'EXPIRE_MAKER', 'goodTillDate': 0, 'updateTime': 1753870864624}
2025-07-30 15:55:41,193 - INFO - Order placed: {'code': -4164, 'msg': "Order's notional must be no smaller than 100 (unless you choose reduce only)."}
2025-07-30 15:55:42,688 - INFO - Order placed: {'code': -4164, 'msg': "Order's notional must be no smaller than 100 (unless you choose reduce only)."}
2025-07-30 15:55:42,692 - INFO - Simulated OCO: Take-Profit and Stop-Loss submitted
2025-07-30 15:59:20,593 - INFO - TWAP: Placing slice 1/5
2025-07-30 15:59:22,429 - INFO - Order placed: {'code': -1111, 'msg': 'Precision is over the maximum defined for this asset.'}
2025-07-30 15:59:35,049 - INFO - TWAP: Placing slice 2/5
2025-07-30 15:59:37,180 - INFO - Order placed: {'code': -1111, 'msg': 'Precision is over the maximum defined for this asset.'}
2025-07-30 15:59:49,363 - INFO - TWAP: Placing slice 3/5
2025-07-30 15:59:49,994 - INFO - Order placed: {'code': -1111, 'msg': 'Precision is over the maximum defined for this asset.'}
2025-07-30 16:00:01,308 - INFO - TWAP: Placing slice 4/5
2025-07-30 16:00:02,933 - INFO - Order placed: {'code': -1111, 'msg': 'Precision is over the maximum defined for this asset.'}
2025-07-30 16:00:14,859 - INFO - TWAP: Placing slice 5/5
2025-07-30 16:00:15,980 - INFO - Order placed: {'code': -1111, 'msg': 'Precision is over the maximum defined for this asset.'}
2025-07-30 16:00:25,983 - INFO - TWAP Order Complete
2025-07-30 16:13:40,998 - INFO - TWAP: Placing slice 1/5
2025-07-30 16:13:41,965 - INFO - Order placed: {'orderId': 5503458642, 'symbol': 'BTCUSDT', 'status': 'NEW', 'clientOrderId': 'd3D4ajPbpJLdm75oSE4OpW', 'price': '0.00', 'avgPrice': '0.00', 'origQty': '0.001', 'executedQty': '0.000', 'cumQty': '0.000', 'cumQuote': '0.00000', 'timeInForce': 'GTC', 'type': 'MARKET', 'reduceOnly': False, 'closePosition': False, 'side': 'BUY', 'positionSide': 'BOTH', 'stopPrice': '0.00', 'workingType': 'CONTRACT_PRICE', 'priceProtect': False, 'origType': 'MARKET', 'priceMatch': 'NONE', 'selfTradePreventionMode': 'EXPIRE_MAKER', 'goodTillDate': 0, 'updateTime': 1753872212261}
2025-07-30 16:13:48,332 - INFO - TWAP: Placing slice 2/5
2025-07-30 16:13:49,397 - INFO - Order placed: {'orderId': 5503458909, 'symbol': 'BTCUSDT', 'status': 'NEW', 'clientOrderId': 'FOBZh2k0SDaFYD8AzdV0pj', 'price': '0.00', 'avgPrice': '0.00', 'origQty': '0.001', 'executedQty': '0.000', 'cumQty': '0.000', 'cumQuote': '0.00000', 'timeInForce': 'GTC', 'type': 'MARKET', 'reduceOnly': False, 'closePosition': False, 'side': 'BUY', 'positionSide': 'BOTH', 'stopPrice': '0.00', 'workingType': 'CONTRACT_PRICE', 'priceProtect': False, 'origType': 'MARKET', 'priceMatch': 'NONE', 'selfTradePreventionMode': 'EXPIRE_MAKER', 'goodTillDate': 0, 'updateTime': 1753872219511}
2025-07-30 16:13:56,625 - INFO - TWAP: Placing slice 3/5
2025-07-30 16:13:57,250 - INFO - Order placed: {'orderId': 5503459295, 'symbol': 'BTCUSDT', 'status': 'NEW', 'clientOrderId': 'eKokyjVkvc6sXiqZ1WnuIL', 'price': '0.00', 'avgPrice': '0.00', 'origQty': '0.001', 'executedQty': '0.000', 'cumQty': '0.000', 'cumQuote': '0.00000', 'timeInForce': 'GTC', 'type': 'MARKET', 'reduceOnly': False, 'closePosition': False, 'side': 'BUY', 'positionSide': 'BOTH', 'stopPrice': '0.00', 'workingType': 'CONTRACT_PRICE', 'priceProtect': False, 'origType': 'MARKET', 'priceMatch': 'NONE', 'selfTradePreventionMode': 'EXPIRE_MAKER', 'goodTillDate': 0, 'updateTime': 1753872227477}
2025-07-30 16:14:04,615 - INFO - TWAP: Placing slice 4/5
2025-07-30 16:14:05,598 - INFO - Order placed: {'orderId': 5503459693, 'symbol': 'BTCUSDT', 'status': 'NEW', 'clientOrderId': 'Pq7dad744miOJEIdYVslEW', 'price': '0.00', 'avgPrice': '0.00', 'origQty': '0.001', 'executedQty': '0.000', 'cumQty': '0.000', 'cumQuote': '0.00000', 'timeInForce': 'GTC', 'type': 'MARKET', 'reduceOnly': False, 'closePosition': False, 'side': 'BUY', 'positionSide': 'BOTH', 'stopPrice': '0.00', 'workingType': 'CONTRACT_PRICE', 'priceProtect': False, 'origType': 'MARKET', 'priceMatch': 'NONE', 'selfTradePreventionMode': 'EXPIRE_MAKER', 'goodTillDate': 0, 'updateTime': 1753872235820}
2025-07-30 16:14:12,345 - INFO - TWAP: Placing slice 5/5
2025-07-30 16:14:14,380 - INFO - Order placed: {'orderId': 5503461577, 'symbol': 'BTCUSDT', 'status': 'NEW', 'clientOrderId': '8E1N533SxrgU2Uh3v2lsxR', 'price': '0.00', 'avgPrice': '0.00', 'origQty': '0.001', 'executedQty': '0.000', 'cumQty': '0.000', 'cumQuote': '0.00000', 'timeInForce': 'GTC', 'type': 'MARKET', 'reduceOnly': False, 'closePosition': False, 'side': 'BUY', 'positionSide': 'BOTH', 'stopPrice': '0.00', 'workingType': 'CONTRACT_PRICE', 'priceProtect': False, 'origType': 'MARKET', 'priceMatch': 'NONE', 'selfTradePreventionMode': 'EXPIRE_MAKER', 'goodTillDate': 0, 'updateTime': 1753872244603}
2025-07-30 16:14:19,385 - INFO - TWAP Order Complete
2025-07-30 16:18:17,281 - INFO - Grid: Placing BUY at -100.0, SELL at 100.0
2025-07-30 16:18:18,501 - INFO - Order placed: {'code': -1102, 'msg': "Mandatory parameter 'price' was not sent, was empty/null, or malformed."}
2025-07-30 16:18:19,479 - INFO - Order placed: {'code': -4013, 'msg': 'Price less than min price.'}
2025-07-30 16:18:21,230 - INFO - Grid: Placing BUY at -200.0, SELL at 200.0
2025-07-30 16:18:22,063 - INFO - Order placed: {'code': -1102, 'msg': "Mandatory parameter 'price' was not sent, was empty/null, or malformed."}
2025-07-30 16:18:23,032 - INFO - Order placed: {'code': -4013, 'msg': 'Price less than min price.'}
2025-07-30 16:18:24,683 - INFO - Grid: Placing BUY at -300.0, SELL at 300.0
2025-07-30 16:18:25,294 - INFO - Order placed: {'code': -1102, 'msg': "Mandatory parameter 'price' was not sent, was empty/null, or malformed."}
2025-07-30 16:18:25,979 - INFO - Order placed: {'code': -4024, 'msg': "Limit price can't be lower than 59168.85."}
2025-07-30 16:18:25,982 - INFO - Grid Orders Complete
2025-07-30 16:20:12,230 - INFO - Grid: Placing BUY at 109900.0, SELL at 110100.0
2025-07-30 16:20:13,557 - INFO - Order placed: {'orderId': 5503491333, 'symbol': 'BTCUSDT', 'status': 'NEW', 'clientOrderId': '0EOEXn5ctiTbzjJNMgHG81', 'price': '109900.00', 'avgPrice': '0.00', 'origQty': '0.001', 'executedQty': '0.000', 'cumQty': '0.000', 'cumQuote': '0.00000', 'timeInForce': 'GTC', 'type': 'LIMIT', 'reduceOnly': False, 'closePosition': False, 'side': 'BUY', 'positionSide': 'BOTH', 'stopPrice': '0.00', 'workingType': 'CONTRACT_PRICE', 'priceProtect': False, 'origType': 'LIMIT', 'priceMatch': 'NONE', 'selfTradePreventionMode': 'EXPIRE_MAKER', 'goodTillDate': 0, 'updateTime': 1753872603538}
2025-07-30 16:20:15,000 - INFO - Order placed: {'orderId': 5503491804, 'symbol': 'BTCUSDT', 'status': 'NEW', 'clientOrderId': '6IL3DNkJTAEYKpnXEQ5bdH', 'price': '110100.00', 'avgPrice': '0.00', 'origQty': '0.001', 'executedQty': '0.000', 'cumQty': '0.000', 'cumQuote': '0.00000', 'timeInForce': 'GTC', 'type': 'LIMIT', 'reduceOnly': False, 'closePosition': False, 'side': 'SELL', 'positionSide': 'BOTH', 'stopPrice': '0.00', 'workingType': 'CONTRACT_PRICE', 'priceProtect': False, 'origType': 'LIMIT', 'priceMatch': 'NONE', 'selfTradePreventionMode': 'EXPIRE_MAKER', 'goodTillDate': 0, 'updateTime': 1753872605278}
2025-07-30 16:20:17,045 - INFO - Grid: Placing BUY at 109800.0, SELL at 110200.0
2025-07-30 16:20:17,751 - INFO - Order placed: {'orderId': 5503492469, 'symbol': 'BTCUSDT', 'status': 'NEW', 'clientOrderId': 'xqZtr3MII2eIHd0bRiI3ew', 'price': '109800.00', 'avgPrice': '0.00', 'origQty': '0.001', 'executedQty': '0.000', 'cumQty': '0.000', 'cumQuote': '0.00000', 'timeInForce': 'GTC', 'type': 'LIMIT', 'reduceOnly': False, 'closePosition': False, 'side': 'BUY', 'positionSide': 'BOTH', 'stopPrice': '0.00', 'workingType': 'CONTRACT_PRICE', 'priceProtect': False, 'origType': 'LIMIT', 'priceMatch': 'NONE', 'selfTradePreventionMode': 'EXPIRE_MAKER', 'goodTillDate': 0, 'updateTime': 1753872607969}
2025-07-30 16:20:18,471 - INFO - Order placed: {'orderId': 5503492688, 'symbol': 'BTCUSDT', 'status': 'NEW', 'clientOrderId': 'OL5SvKoN1UXlgDZu2LQtBP', 'price': '110200.00', 'avgPrice': '0.00', 'origQty': '0.001', 'executedQty': '0.000', 'cumQty': '0.000', 'cumQuote': '0.00000', 'timeInForce': 'GTC', 'type': 'LIMIT', 'reduceOnly': False, 'closePosition': False, 'side': 'SELL', 'positionSide': 'BOTH', 'stopPrice': '0.00', 'workingType': 'CONTRACT_PRICE', 'priceProtect': False, 'origType': 'LIMIT', 'priceMatch': 'NONE', 'selfTradePreventionMode': 'EXPIRE_MAKER', 'goodTillDate': 0, 'updateTime': 1753872608736}
2025-07-30 16:20:20,017 - INFO - Grid: Placing BUY at 109700.0, SELL at 110300.0
2025-07-30 16:20:20,926 - INFO - Order placed: {'orderId': 5503493063, 'symbol': 'BTCUSDT', 'status': 'NEW', 'clientOrderId': 'Y12qYne6fnms94LGhvP6kX', 'price': '109700.00', 'avgPrice': '0.00', 'origQty': '0.001', 'executedQty': '0.000', 'cumQty': '0.000', 'cumQuote': '0.00000', 'timeInForce': 'GTC', 'type': 'LIMIT', 'reduceOnly': False, 'closePosition': False, 'side': 'BUY', 'positionSide': 'BOTH', 'stopPrice': '0.00', 'workingType': 'CONTRACT_PRICE', 'priceProtect': False, 'origType': 'LIMIT', 'priceMatch': 'NONE', 'selfTradePreventionMode': 'EXPIRE_MAKER', 'goodTillDate': 0, 'updateTime': 1753872611221}
2025-07-30 16:20:21,806 - INFO - Order placed: {'orderId': 5503493101, 'symbol': 'BTCUSDT', 'status': 'NEW', 'clientOrderId': 'vIW2CeR6GCmnggdgODf9md', 'price': '110300.00', 'avgPrice': '0.00', 'origQty': '0.001', 'executedQty': '0.000', 'cumQty': '0.000', 'cumQuote': '0.00000', 'timeInForce': 'GTC', 'type': 'LIMIT', 'reduceOnly': False, 'closePosition': False, 'side': 'SELL', 'positionSide': 'BOTH', 'stopPrice': '0.00', 'workingType': 'CONTRACT_PRICE', 'priceProtect': False, 'origType': 'LIMIT', 'priceMatch': 'NONE', 'selfTradePreventionMode': 'EXPIRE_MAKER', 'goodTillDate': 0, 'updateTime': 1753872612078}
2025-07-30 16:20:21,810 - INFO - Grid Orders Complete
